<?xml version="1.0" encoding="UTF-8"?>
<!-- Generated by org.testng.reporters.JUnitReportReporter -->
<testsuite skipped="0" hostname="ATMECSINLT-085" name="com.atmecs.utils.testscripts.Freetrail" tests="1" failures="0" timestamp="27 Aug 2019 14:26:35 GMT" time="15.343" errors="0">
  <testcase name="freetrail" time="15.343" classname="com.atmecs.utils.testscripts.Freetrail"/>
</testsuite> <!-- com.atmecs.utils.testscripts.Freetrail -->
