<?xml version="1.0" encoding="UTF-8"?>
<!-- Generated by org.testng.reporters.JUnitReportReporter -->
<testsuite skipped="0" hostname="ATMECSINLT-085" name="com.atmecs.utils.testscripts.AppTest" tests="1" failures="0" timestamp="27 Aug 2019 14:20:42 GMT" time="19.822" errors="0">
  <testcase name="AppTest1" time="19.822" classname="com.atmecs.utils.testscripts.AppTest"/>
</testsuite> <!-- com.atmecs.utils.testscripts.AppTest -->
